
 LIST ALL SELECTED ELEMENTS.  (LIST NODES)
 
    ELEM MAT TYP REL ESY SEC        NODES
 
       1   1   1   1   0   1      1     3    81    80
       2   1   1   1   0   1      3     4   100    81
       3   1   1   1   0   1      4     5   119   100
       4   1   1   1   0   1      5     6   138   119
       5   1   1   1   0   1      6     7   157   138
       6   1   1   1   0   1      7     8   176   157
       7   1   1   1   0   1      8     9   195   176
       8   1   1   1   0   1      9    10   214   195
       9   1   1   1   0   1     10    11   233   214
      10   1   1   1   0   1     11    12   252   233
      11   1   1   1   0   1     12    13   271   252
      12   1   1   1   0   1     13    14   290   271
      13   1   1   1   0   1     14    15   309   290
      14   1   1   1   0   1     15    16   328   309
      15   1   1   1   0   1     16    17   347   328
      16   1   1   1   0   1     17    18   366   347
      17   1   1   1   0   1     18    19   385   366
      18   1   1   1   0   1     19    20   404   385
      19   1   1   1   0   1     20    21   423   404
      20   1   1   1   0   1     21     2    23   423
 
    ELEM MAT TYP REL ESY SEC        NODES
 
      21   1   1   1   0   1     80    81    82    79
      22   1   1   1   0   1     81   100   101    82
      23   1   1   1   0   1    100   119   120   101
      24   1   1   1   0   1    119   138   139   120
      25   1   1   1   0   1    138   157   158   139
      26   1   1   1   0   1    157   176   177   158
      27   1   1   1   0   1    176   195   196   177
      28   1   1   1   0   1    195   214   215   196
      29   1   1   1   0   1    214   233   234   215
      30   1   1   1   0   1    233   252   253   234
      31   1   1   1   0   1    252   271   272   253
      32   1   1   1   0   1    271   290   291   272
      33   1   1   1   0   1    290   309   310   291
      34   1   1   1   0   1    309   328   329   310
      35   1   1   1   0   1    328   347   348   329
      36   1   1   1   0   1    347   366   367   348
      37   1   1   1   0   1    366   385   386   367
      38   1   1   1   0   1    385   404   405   386
      39   1   1   1   0   1    404   423   424   405
      40   1   1   1   0   1    423    23    24   424
 
    ELEM MAT TYP REL ESY SEC        NODES
 
      41   1   1   1   0   1     79    82    83    78
      42   1   1   1   0   1     82   101   102    83
      43   1   1   1   0   1    101   120   121   102
      44   1   1   1   0   1    120   139   140   121
      45   1   1   1   0   1    139   158   159   140
      46   1   1   1   0   1    158   177   178   159
      47   1   1   1   0   1    177   196   197   178
      48   1   1   1   0   1    196   215   216   197
      49   1   1   1   0   1    215   234   235   216
      50   1   1   1   0   1    234   253   254   235
      51   1   1   1   0   1    253   272   273   254
      52   1   1   1   0   1    272   291   292   273
      53   1   1   1   0   1    291   310   311   292
      54   1   1   1   0   1    310   329   330   311
      55   1   1   1   0   1    329   348   349   330
      56   1   1   1   0   1    348   367   368   349
      57   1   1   1   0   1    367   386   387   368
      58   1   1   1   0   1    386   405   406   387
      59   1   1   1   0   1    405   424   425   406
      60   1   1   1   0   1    424    24    25   425
 
    ELEM MAT TYP REL ESY SEC        NODES
 
      61   1   1   1   0   1     78    83    84    77
      62   1   1   1   0   1     83   102   103    84
      63   1   1   1   0   1    102   121   122   103
      64   1   1   1   0   1    121   140   141   122
      65   1   1   1   0   1    140   159   160   141
      66   1   1   1   0   1    159   178   179   160
      67   1   1   1   0   1    178   197   198   179
      68   1   1   1   0   1    197   216   217   198
      69   1   1   1   0   1    216   235   236   217
      70   1   1   1   0   1    235   254   255   236
      71   1   1   1   0   1    254   273   274   255
      72   1   1   1   0   1    273   292   293   274
      73   1   1   1   0   1    292   311   312   293
      74   1   1   1   0   1    311   330   331   312
      75   1   1   1   0   1    330   349   350   331
      76   1   1   1   0   1    349   368   369   350
      77   1   1   1   0   1    368   387   388   369
      78   1   1   1   0   1    387   406   407   388
      79   1   1   1   0   1    406   425   426   407
      80   1   1   1   0   1    425    25    26   426
 
    ELEM MAT TYP REL ESY SEC        NODES
 
      81   1   1   1   0   1     77    84    85    76
      82   1   1   1   0   1     84   103   104    85
      83   1   1   1   0   1    103   122   123   104
      84   1   1   1   0   1    122   141   142   123
      85   1   1   1   0   1    141   160   161   142
      86   1   1   1   0   1    160   179   180   161
      87   1   1   1   0   1    179   198   199   180
      88   1   1   1   0   1    198   217   218   199
      89   1   1   1   0   1    217   236   237   218
      90   1   1   1   0   1    236   255   256   237
      91   1   1   1   0   1    255   274   275   256
      92   1   1   1   0   1    274   293   294   275
      93   1   1   1   0   1    293   312   313   294
      94   1   1   1   0   1    312   331   332   313
      95   1   1   1   0   1    331   350   351   332
      96   1   1   1   0   1    350   369   370   351
      97   1   1   1   0   1    369   388   389   370
      98   1   1   1   0   1    388   407   408   389
      99   1   1   1   0   1    407   426   427   408
     100   1   1   1   0   1    426    26    27   427
 
    ELEM MAT TYP REL ESY SEC        NODES
 
     101   1   1   1   0   1     76    85    86    75
     102   1   1   1   0   1     85   104   105    86
     103   1   1   1   0   1    104   123   124   105
     104   1   1   1   0   1    123   142   143   124
     105   1   1   1   0   1    142   161   162   143
     106   1   1   1   0   1    161   180   181   162
     107   1   1   1   0   1    180   199   200   181
     108   1   1   1   0   1    199   218   219   200
     109   1   1   1   0   1    218   237   238   219
     110   1   1   1   0   1    237   256   257   238
     111   1   1   1   0   1    256   275   276   257
     112   1   1   1   0   1    275   294   295   276
     113   1   1   1   0   1    294   313   314   295
     114   1   1   1   0   1    313   332   333   314
     115   1   1   1   0   1    332   351   352   333
     116   1   1   1   0   1    351   370   371   352
     117   1   1   1   0   1    370   389   390   371
     118   1   1   1   0   1    389   408   409   390
     119   1   1   1   0   1    408   427   428   409
     120   1   1   1   0   1    427    27    28   428
 
    ELEM MAT TYP REL ESY SEC        NODES
 
     121   1   1   1   0   1     75    86    87    74
     122   1   1   1   0   1     86   105   106    87
     123   1   1   1   0   1    105   124   125   106
     124   1   1   1   0   1    124   143   144   125
     125   1   1   1   0   1    143   162   163   144
     126   1   1   1   0   1    162   181   182   163
     127   1   1   1   0   1    181   200   201   182
     128   1   1   1   0   1    200   219   220   201
     129   1   1   1   0   1    219   238   239   220
     130   1   1   1   0   1    238   257   258   239
     131   1   1   1   0   1    257   276   277   258
     132   1   1   1   0   1    276   295   296   277
     133   1   1   1   0   1    295   314   315   296
     134   1   1   1   0   1    314   333   334   315
     135   1   1   1   0   1    333   352   353   334
     136   1   1   1   0   1    352   371   372   353
     137   1   1   1   0   1    371   390   391   372
     138   1   1   1   0   1    390   409   410   391
     139   1   1   1   0   1    409   428   429   410
     140   1   1   1   0   1    428    28    29   429
 
    ELEM MAT TYP REL ESY SEC        NODES
 
     141   1   1   1   0   1     74    87    88    73
     142   1   1   1   0   1     87   106   107    88
     143   1   1   1   0   1    106   125   126   107
     144   1   1   1   0   1    125   144   145   126
     145   1   1   1   0   1    144   163   164   145
     146   1   1   1   0   1    163   182   183   164
     147   1   1   1   0   1    182   201   202   183
     148   1   1   1   0   1    201   220   221   202
     149   1   1   1   0   1    220   239   240   221
     150   1   1   1   0   1    239   258   259   240
     151   1   1   1   0   1    258   277   278   259
     152   1   1   1   0   1    277   296   297   278
     153   1   1   1   0   1    296   315   316   297
     154   1   1   1   0   1    315   334   335   316
     155   1   1   1   0   1    334   353   354   335
     156   1   1   1   0   1    353   372   373   354
     157   1   1   1   0   1    372   391   392   373
     158   1   1   1   0   1    391   410   411   392
     159   1   1   1   0   1    410   429   430   411
     160   1   1   1   0   1    429    29    30   430
 
    ELEM MAT TYP REL ESY SEC        NODES
 
     161   1   1   1   0   1     73    88    89    72
     162   1   1   1   0   1     88   107   108    89
     163   1   1   1   0   1    107   126   127   108
     164   1   1   1   0   1    126   145   146   127
     165   1   1   1   0   1    145   164   165   146
     166   1   1   1   0   1    164   183   184   165
     167   1   1   1   0   1    183   202   203   184
     168   1   1   1   0   1    202   221   222   203
     169   1   1   1   0   1    221   240   241   222
     170   1   1   1   0   1    240   259   260   241
     171   1   1   1   0   1    259   278   279   260
     172   1   1   1   0   1    278   297   298   279
     173   1   1   1   0   1    297   316   317   298
     174   1   1   1   0   1    316   335   336   317
     175   1   1   1   0   1    335   354   355   336
     176   1   1   1   0   1    354   373   374   355
     177   1   1   1   0   1    373   392   393   374
     178   1   1   1   0   1    392   411   412   393
     179   1   1   1   0   1    411   430   431   412
     180   1   1   1   0   1    430    30    31   431
 
    ELEM MAT TYP REL ESY SEC        NODES
 
     181   1   1   1   0   1     72    89    90    71
     182   1   1   1   0   1     89   108   109    90
     183   1   1   1   0   1    108   127   128   109
     184   1   1   1   0   1    127   146   147   128
     185   1   1   1   0   1    146   165   166   147
     186   1   1   1   0   1    165   184   185   166
     187   1   1   1   0   1    184   203   204   185
     188   1   1   1   0   1    203   222   223   204
     189   1   1   1   0   1    222   241   242   223
     190   1   1   1   0   1    241   260   261   242
     191   1   1   1   0   1    260   279   280   261
     192   1   1   1   0   1    279   298   299   280
     193   1   1   1   0   1    298   317   318   299
     194   1   1   1   0   1    317   336   337   318
     195   1   1   1   0   1    336   355   356   337
     196   1   1   1   0   1    355   374   375   356
     197   1   1   1   0   1    374   393   394   375
     198   1   1   1   0   1    393   412   413   394
     199   1   1   1   0   1    412   431   432   413
     200   1   1   1   0   1    431    31    32   432
 
    ELEM MAT TYP REL ESY SEC        NODES
 
     201   1   1   1   0   1     71    90    91    70
     202   1   1   1   0   1     90   109   110    91
     203   1   1   1   0   1    109   128   129   110
     204   1   1   1   0   1    128   147   148   129
     205   1   1   1   0   1    147   166   167   148
     206   1   1   1   0   1    166   185   186   167
     207   1   1   1   0   1    185   204   205   186
     208   1   1   1   0   1    204   223   224   205
     209   1   1   1   0   1    223   242   243   224
     210   1   1   1   0   1    242   261   262   243
     211   1   1   1   0   1    261   280   281   262
     212   1   1   1   0   1    280   299   300   281
     213   1   1   1   0   1    299   318   319   300
     214   1   1   1   0   1    318   337   338   319
     215   1   1   1   0   1    337   356   357   338
     216   1   1   1   0   1    356   375   376   357
     217   1   1   1   0   1    375   394   395   376
     218   1   1   1   0   1    394   413   414   395
     219   1   1   1   0   1    413   432   433   414
     220   1   1   1   0   1    432    32    33   433
 
    ELEM MAT TYP REL ESY SEC        NODES
 
     221   1   1   1   0   1     70    91    92    69
     222   1   1   1   0   1     91   110   111    92
     223   1   1   1   0   1    110   129   130   111
     224   1   1   1   0   1    129   148   149   130
     225   1   1   1   0   1    148   167   168   149
     226   1   1   1   0   1    167   186   187   168
     227   1   1   1   0   1    186   205   206   187
     228   1   1   1   0   1    205   224   225   206
     229   1   1   1   0   1    224   243   244   225
     230   1   1   1   0   1    243   262   263   244
     231   1   1   1   0   1    262   281   282   263
     232   1   1   1   0   1    281   300   301   282
     233   1   1   1   0   1    300   319   320   301
     234   1   1   1   0   1    319   338   339   320
     235   1   1   1   0   1    338   357   358   339
     236   1   1   1   0   1    357   376   377   358
     237   1   1   1   0   1    376   395   396   377
     238   1   1   1   0   1    395   414   415   396
     239   1   1   1   0   1    414   433   434   415
     240   1   1   1   0   1    433    33    34   434
 
    ELEM MAT TYP REL ESY SEC        NODES
 
     241   1   1   1   0   1     69    92    93    68
     242   1   1   1   0   1     92   111   112    93
     243   1   1   1   0   1    111   130   131   112
     244   1   1   1   0   1    130   149   150   131
     245   1   1   1   0   1    149   168   169   150
     246   1   1   1   0   1    168   187   188   169
     247   1   1   1   0   1    187   206   207   188
     248   1   1   1   0   1    206   225   226   207
     249   1   1   1   0   1    225   244   245   226
     250   1   1   1   0   1    244   263   264   245
     251   1   1   1   0   1    263   282   283   264
     252   1   1   1   0   1    282   301   302   283
     253   1   1   1   0   1    301   320   321   302
     254   1   1   1   0   1    320   339   340   321
     255   1   1   1   0   1    339   358   359   340
     256   1   1   1   0   1    358   377   378   359
     257   1   1   1   0   1    377   396   397   378
     258   1   1   1   0   1    396   415   416   397
     259   1   1   1   0   1    415   434   435   416
     260   1   1   1   0   1    434    34    35   435
 
    ELEM MAT TYP REL ESY SEC        NODES
 
     261   1   1   1   0   1     68    93    94    67
     262   1   1   1   0   1     93   112   113    94
     263   1   1   1   0   1    112   131   132   113
     264   1   1   1   0   1    131   150   151   132
     265   1   1   1   0   1    150   169   170   151
     266   1   1   1   0   1    169   188   189   170
     267   1   1   1   0   1    188   207   208   189
     268   1   1   1   0   1    207   226   227   208
     269   1   1   1   0   1    226   245   246   227
     270   1   1   1   0   1    245   264   265   246
     271   1   1   1   0   1    264   283   284   265
     272   1   1   1   0   1    283   302   303   284
     273   1   1   1   0   1    302   321   322   303
     274   1   1   1   0   1    321   340   341   322
     275   1   1   1   0   1    340   359   360   341
     276   1   1   1   0   1    359   378   379   360
     277   1   1   1   0   1    378   397   398   379
     278   1   1   1   0   1    397   416   417   398
     279   1   1   1   0   1    416   435   436   417
     280   1   1   1   0   1    435    35    36   436
 
    ELEM MAT TYP REL ESY SEC        NODES
 
     281   1   1   1   0   1     67    94    95    66
     282   1   1   1   0   1     94   113   114    95
     283   1   1   1   0   1    113   132   133   114
     284   1   1   1   0   1    132   151   152   133
     285   1   1   1   0   1    151   170   171   152
     286   1   1   1   0   1    170   189   190   171
     287   1   1   1   0   1    189   208   209   190
     288   1   1   1   0   1    208   227   228   209
     289   1   1   1   0   1    227   246   247   228
     290   1   1   1   0   1    246   265   266   247
     291   1   1   1   0   1    265   284   285   266
     292   1   1   1   0   1    284   303   304   285
     293   1   1   1   0   1    303   322   323   304
     294   1   1   1   0   1    322   341   342   323
     295   1   1   1   0   1    341   360   361   342
     296   1   1   1   0   1    360   379   380   361
     297   1   1   1   0   1    379   398   399   380
     298   1   1   1   0   1    398   417   418   399
     299   1   1   1   0   1    417   436   437   418
     300   1   1   1   0   1    436    36    37   437
 
    ELEM MAT TYP REL ESY SEC        NODES
 
     301   1   1   1   0   1     66    95    96    65
     302   1   1   1   0   1     95   114   115    96
     303   1   1   1   0   1    114   133   134   115
     304   1   1   1   0   1    133   152   153   134
     305   1   1   1   0   1    152   171   172   153
     306   1   1   1   0   1    171   190   191   172
     307   1   1   1   0   1    190   209   210   191
     308   1   1   1   0   1    209   228   229   210
     309   1   1   1   0   1    228   247   248   229
     310   1   1   1   0   1    247   266   267   248
     311   1   1   1   0   1    266   285   286   267
     312   1   1   1   0   1    285   304   305   286
     313   1   1   1   0   1    304   323   324   305
     314   1   1   1   0   1    323   342   343   324
     315   1   1   1   0   1    342   361   362   343
     316   1   1   1   0   1    361   380   381   362
     317   1   1   1   0   1    380   399   400   381
     318   1   1   1   0   1    399   418   419   400
     319   1   1   1   0   1    418   437   438   419
     320   1   1   1   0   1    437    37    38   438
 
    ELEM MAT TYP REL ESY SEC        NODES
 
     321   1   1   1   0   1     65    96    97    64
     322   1   1   1   0   1     96   115   116    97
     323   1   1   1   0   1    115   134   135   116
     324   1   1   1   0   1    134   153   154   135
     325   1   1   1   0   1    153   172   173   154
     326   1   1   1   0   1    172   191   192   173
     327   1   1   1   0   1    191   210   211   192
     328   1   1   1   0   1    210   229   230   211
     329   1   1   1   0   1    229   248   249   230
     330   1   1   1   0   1    248   267   268   249
     331   1   1   1   0   1    267   286   287   268
     332   1   1   1   0   1    286   305   306   287
     333   1   1   1   0   1    305   324   325   306
     334   1   1   1   0   1    324   343   344   325
     335   1   1   1   0   1    343   362   363   344
     336   1   1   1   0   1    362   381   382   363
     337   1   1   1   0   1    381   400   401   382
     338   1   1   1   0   1    400   419   420   401
     339   1   1   1   0   1    419   438   439   420
     340   1   1   1   0   1    438    38    39   439
 
    ELEM MAT TYP REL ESY SEC        NODES
 
     341   1   1   1   0   1     64    97    98    63
     342   1   1   1   0   1     97   116   117    98
     343   1   1   1   0   1    116   135   136   117
     344   1   1   1   0   1    135   154   155   136
     345   1   1   1   0   1    154   173   174   155
     346   1   1   1   0   1    173   192   193   174
     347   1   1   1   0   1    192   211   212   193
     348   1   1   1   0   1    211   230   231   212
     349   1   1   1   0   1    230   249   250   231
     350   1   1   1   0   1    249   268   269   250
     351   1   1   1   0   1    268   287   288   269
     352   1   1   1   0   1    287   306   307   288
     353   1   1   1   0   1    306   325   326   307
     354   1   1   1   0   1    325   344   345   326
     355   1   1   1   0   1    344   363   364   345
     356   1   1   1   0   1    363   382   383   364
     357   1   1   1   0   1    382   401   402   383
     358   1   1   1   0   1    401   420   421   402
     359   1   1   1   0   1    420   439   440   421
     360   1   1   1   0   1    439    39    40   440
 
    ELEM MAT TYP REL ESY SEC        NODES
 
     361   1   1   1   0   1     63    98    99    62
     362   1   1   1   0   1     98   117   118    99
     363   1   1   1   0   1    117   136   137   118
     364   1   1   1   0   1    136   155   156   137
     365   1   1   1   0   1    155   174   175   156
     366   1   1   1   0   1    174   193   194   175
     367   1   1   1   0   1    193   212   213   194
     368   1   1   1   0   1    212   231   232   213
     369   1   1   1   0   1    231   250   251   232
     370   1   1   1   0   1    250   269   270   251
     371   1   1   1   0   1    269   288   289   270
     372   1   1   1   0   1    288   307   308   289
     373   1   1   1   0   1    307   326   327   308
     374   1   1   1   0   1    326   345   346   327
     375   1   1   1   0   1    345   364   365   346
     376   1   1   1   0   1    364   383   384   365
     377   1   1   1   0   1    383   402   403   384
     378   1   1   1   0   1    402   421   422   403
     379   1   1   1   0   1    421   440   441   422
     380   1   1   1   0   1    440    40    41   441
 
    ELEM MAT TYP REL ESY SEC        NODES
 
     381   1   1   1   0   1     62    99    61    42
     382   1   1   1   0   1     99   118    60    61
     383   1   1   1   0   1    118   137    59    60
     384   1   1   1   0   1    137   156    58    59
     385   1   1   1   0   1    156   175    57    58
     386   1   1   1   0   1    175   194    56    57
     387   1   1   1   0   1    194   213    55    56
     388   1   1   1   0   1    213   232    54    55
     389   1   1   1   0   1    232   251    53    54
     390   1   1   1   0   1    251   270    52    53
     391   1   1   1   0   1    270   289    51    52
     392   1   1   1   0   1    289   308    50    51
     393   1   1   1   0   1    308   327    49    50
     394   1   1   1   0   1    327   346    48    49
     395   1   1   1   0   1    346   365    47    48
     396   1   1   1   0   1    365   384    46    47
     397   1   1   1   0   1    384   403    45    46
     398   1   1   1   0   1    403   422    44    45
     399   1   1   1   0   1    422   441    43    44
     400   1   1   1   0   1    441    41    22    43

