
 LIST ALL SELECTED NODES.   DSYS=      0
 SORT TABLE ON  NODE  NODE  NODE

   NODE        X                   Y                   Z
        1    0.00000000000        0.00000000000        0.00000000000    
        2    1.00000000000        0.00000000000        0.00000000000    
        3   0.500000000000E-01    0.00000000000        0.00000000000    
        4   0.100000000000        0.00000000000        0.00000000000    
        5   0.150000000000        0.00000000000        0.00000000000    
        6   0.200000000000        0.00000000000        0.00000000000    
        7   0.250000000000        0.00000000000        0.00000000000    
        8   0.300000000000        0.00000000000        0.00000000000    
        9   0.350000000000        0.00000000000        0.00000000000    
       10   0.400000000000        0.00000000000        0.00000000000    
       11   0.450000000000        0.00000000000        0.00000000000    
       12   0.500000000000        0.00000000000        0.00000000000    
       13   0.550000000000        0.00000000000        0.00000000000    
       14   0.600000000000        0.00000000000        0.00000000000    
       15   0.650000000000        0.00000000000        0.00000000000    
       16   0.700000000000        0.00000000000        0.00000000000    
       17   0.750000000000        0.00000000000        0.00000000000    
       18   0.800000000000        0.00000000000        0.00000000000    
       19   0.850000000000        0.00000000000        0.00000000000    
       20   0.900000000000        0.00000000000        0.00000000000    

   NODE        X                   Y                   Z
       21   0.950000000000        0.00000000000        0.00000000000    
       22    1.00000000000        1.00000000000        0.00000000000    
       23    1.00000000000       0.500000000000E-01    0.00000000000    
       24    1.00000000000       0.100000000000        0.00000000000    
       25    1.00000000000       0.150000000000        0.00000000000    
       26    1.00000000000       0.200000000000        0.00000000000    
       27    1.00000000000       0.250000000000        0.00000000000    
       28    1.00000000000       0.300000000000        0.00000000000    
       29    1.00000000000       0.350000000000        0.00000000000    
       30    1.00000000000       0.400000000000        0.00000000000    
       31    1.00000000000       0.450000000000        0.00000000000    
       32    1.00000000000       0.500000000000        0.00000000000    
       33    1.00000000000       0.550000000000        0.00000000000    
       34    1.00000000000       0.600000000000        0.00000000000    
       35    1.00000000000       0.650000000000        0.00000000000    
       36    1.00000000000       0.700000000000        0.00000000000    
       37    1.00000000000       0.750000000000        0.00000000000    
       38    1.00000000000       0.800000000000        0.00000000000    
       39    1.00000000000       0.850000000000        0.00000000000    
       40    1.00000000000       0.900000000000        0.00000000000    

   NODE        X                   Y                   Z
       41    1.00000000000       0.950000000000        0.00000000000    
       42    0.00000000000        1.00000000000        0.00000000000    
       43   0.950000000000        1.00000000000        0.00000000000    
       44   0.900000000000        1.00000000000        0.00000000000    
       45   0.850000000000        1.00000000000        0.00000000000    
       46   0.800000000000        1.00000000000        0.00000000000    
       47   0.750000000000        1.00000000000        0.00000000000    
       48   0.700000000000        1.00000000000        0.00000000000    
       49   0.650000000000        1.00000000000        0.00000000000    
       50   0.600000000000        1.00000000000        0.00000000000    
       51   0.550000000000        1.00000000000        0.00000000000    
       52   0.500000000000        1.00000000000        0.00000000000    
       53   0.450000000000        1.00000000000        0.00000000000    
       54   0.400000000000        1.00000000000        0.00000000000    
       55   0.350000000000        1.00000000000        0.00000000000    
       56   0.300000000000        1.00000000000        0.00000000000    
       57   0.250000000000        1.00000000000        0.00000000000    
       58   0.200000000000        1.00000000000        0.00000000000    
       59   0.150000000000        1.00000000000        0.00000000000    
       60   0.100000000000        1.00000000000        0.00000000000    

   NODE        X                   Y                   Z
       61   0.500000000000E-01    1.00000000000        0.00000000000    
       62    0.00000000000       0.950000000000        0.00000000000    
       63    0.00000000000       0.900000000000        0.00000000000    
       64    0.00000000000       0.850000000000        0.00000000000    
       65    0.00000000000       0.800000000000        0.00000000000    
       66    0.00000000000       0.750000000000        0.00000000000    
       67    0.00000000000       0.700000000000        0.00000000000    
       68    0.00000000000       0.650000000000        0.00000000000    
       69    0.00000000000       0.600000000000        0.00000000000    
       70    0.00000000000       0.550000000000        0.00000000000    
       71    0.00000000000       0.500000000000        0.00000000000    
       72    0.00000000000       0.450000000000        0.00000000000    
       73    0.00000000000       0.400000000000        0.00000000000    
       74    0.00000000000       0.350000000000        0.00000000000    
       75    0.00000000000       0.300000000000        0.00000000000    
       76    0.00000000000       0.250000000000        0.00000000000    
       77    0.00000000000       0.200000000000        0.00000000000    
       78    0.00000000000       0.150000000000        0.00000000000    
       79    0.00000000000       0.100000000000        0.00000000000    
       80    0.00000000000       0.500000000000E-01    0.00000000000    

   NODE        X                   Y                   Z
       81   0.500000000000E-01   0.500000000000E-01    0.00000000000    
       82   0.500000000000E-01   0.100000000000        0.00000000000    
       83   0.500000000000E-01   0.150000000000        0.00000000000    
       84   0.500000000000E-01   0.200000000000        0.00000000000    
       85   0.500000000000E-01   0.250000000000        0.00000000000    
       86   0.500000000000E-01   0.300000000000        0.00000000000    
       87   0.500000000000E-01   0.350000000000        0.00000000000    
       88   0.500000000000E-01   0.400000000000        0.00000000000    
       89   0.500000000000E-01   0.450000000000        0.00000000000    
       90   0.500000000000E-01   0.500000000000        0.00000000000    
       91   0.500000000000E-01   0.550000000000        0.00000000000    
       92   0.500000000000E-01   0.600000000000        0.00000000000    
       93   0.500000000000E-01   0.650000000000        0.00000000000    
       94   0.500000000000E-01   0.700000000000        0.00000000000    
       95   0.500000000000E-01   0.750000000000        0.00000000000    
       96   0.500000000000E-01   0.800000000000        0.00000000000    
       97   0.500000000000E-01   0.850000000000        0.00000000000    
       98   0.500000000000E-01   0.900000000000        0.00000000000    
       99   0.500000000000E-01   0.950000000000        0.00000000000    
      100   0.100000000000       0.500000000000E-01    0.00000000000    

   NODE        X                   Y                   Z
      101   0.100000000000       0.100000000000        0.00000000000    
      102   0.100000000000       0.150000000000        0.00000000000    
      103   0.100000000000       0.200000000000        0.00000000000    
      104   0.100000000000       0.250000000000        0.00000000000    
      105   0.100000000000       0.300000000000        0.00000000000    
      106   0.100000000000       0.350000000000        0.00000000000    
      107   0.100000000000       0.400000000000        0.00000000000    
      108   0.100000000000       0.450000000000        0.00000000000    
      109   0.100000000000       0.500000000000        0.00000000000    
      110   0.100000000000       0.550000000000        0.00000000000    
      111   0.100000000000       0.600000000000        0.00000000000    
      112   0.100000000000       0.650000000000        0.00000000000    
      113   0.100000000000       0.700000000000        0.00000000000    
      114   0.100000000000       0.750000000000        0.00000000000    
      115   0.100000000000       0.800000000000        0.00000000000    
      116   0.100000000000       0.850000000000        0.00000000000    
      117   0.100000000000       0.900000000000        0.00000000000    
      118   0.100000000000       0.950000000000        0.00000000000    
      119   0.150000000000       0.500000000000E-01    0.00000000000    
      120   0.150000000000       0.100000000000        0.00000000000    

   NODE        X                   Y                   Z
      121   0.150000000000       0.150000000000        0.00000000000    
      122   0.150000000000       0.200000000000        0.00000000000    
      123   0.150000000000       0.250000000000        0.00000000000    
      124   0.150000000000       0.300000000000        0.00000000000    
      125   0.150000000000       0.350000000000        0.00000000000    
      126   0.150000000000       0.400000000000        0.00000000000    
      127   0.150000000000       0.450000000000        0.00000000000    
      128   0.150000000000       0.500000000000        0.00000000000    
      129   0.150000000000       0.550000000000        0.00000000000    
      130   0.150000000000       0.600000000000        0.00000000000    
      131   0.150000000000       0.650000000000        0.00000000000    
      132   0.150000000000       0.700000000000        0.00000000000    
      133   0.150000000000       0.750000000000        0.00000000000    
      134   0.150000000000       0.800000000000        0.00000000000    
      135   0.150000000000       0.850000000000        0.00000000000    
      136   0.150000000000       0.900000000000        0.00000000000    
      137   0.150000000000       0.950000000000        0.00000000000    
      138   0.200000000000       0.500000000000E-01    0.00000000000    
      139   0.200000000000       0.100000000000        0.00000000000    
      140   0.200000000000       0.150000000000        0.00000000000    

   NODE        X                   Y                   Z
      141   0.200000000000       0.200000000000        0.00000000000    
      142   0.200000000000       0.250000000000        0.00000000000    
      143   0.200000000000       0.300000000000        0.00000000000    
      144   0.200000000000       0.350000000000        0.00000000000    
      145   0.200000000000       0.400000000000        0.00000000000    
      146   0.200000000000       0.450000000000        0.00000000000    
      147   0.200000000000       0.500000000000        0.00000000000    
      148   0.200000000000       0.550000000000        0.00000000000    
      149   0.200000000000       0.600000000000        0.00000000000    
      150   0.200000000000       0.650000000000        0.00000000000    
      151   0.200000000000       0.700000000000        0.00000000000    
      152   0.200000000000       0.750000000000        0.00000000000    
      153   0.200000000000       0.800000000000        0.00000000000    
      154   0.200000000000       0.850000000000        0.00000000000    
      155   0.200000000000       0.900000000000        0.00000000000    
      156   0.200000000000       0.950000000000        0.00000000000    
      157   0.250000000000       0.500000000000E-01    0.00000000000    
      158   0.250000000000       0.100000000000        0.00000000000    
      159   0.250000000000       0.150000000000        0.00000000000    
      160   0.250000000000       0.200000000000        0.00000000000    

   NODE        X                   Y                   Z
      161   0.250000000000       0.250000000000        0.00000000000    
      162   0.250000000000       0.300000000000        0.00000000000    
      163   0.250000000000       0.350000000000        0.00000000000    
      164   0.250000000000       0.400000000000        0.00000000000    
      165   0.250000000000       0.450000000000        0.00000000000    
      166   0.250000000000       0.500000000000        0.00000000000    
      167   0.250000000000       0.550000000000        0.00000000000    
      168   0.250000000000       0.600000000000        0.00000000000    
      169   0.250000000000       0.650000000000        0.00000000000    
      170   0.250000000000       0.700000000000        0.00000000000    
      171   0.250000000000       0.750000000000        0.00000000000    
      172   0.250000000000       0.800000000000        0.00000000000    
      173   0.250000000000       0.850000000000        0.00000000000    
      174   0.250000000000       0.900000000000        0.00000000000    
      175   0.250000000000       0.950000000000        0.00000000000    
      176   0.300000000000       0.500000000000E-01    0.00000000000    
      177   0.300000000000       0.100000000000        0.00000000000    
      178   0.300000000000       0.150000000000        0.00000000000    
      179   0.300000000000       0.200000000000        0.00000000000    
      180   0.300000000000       0.250000000000        0.00000000000    

   NODE        X                   Y                   Z
      181   0.300000000000       0.300000000000        0.00000000000    
      182   0.300000000000       0.350000000000        0.00000000000    
      183   0.300000000000       0.400000000000        0.00000000000    
      184   0.300000000000       0.450000000000        0.00000000000    
      185   0.300000000000       0.500000000000        0.00000000000    
      186   0.300000000000       0.550000000000        0.00000000000    
      187   0.300000000000       0.600000000000        0.00000000000    
      188   0.300000000000       0.650000000000        0.00000000000    
      189   0.300000000000       0.700000000000        0.00000000000    
      190   0.300000000000       0.750000000000        0.00000000000    
      191   0.300000000000       0.800000000000        0.00000000000    
      192   0.300000000000       0.850000000000        0.00000000000    
      193   0.300000000000       0.900000000000        0.00000000000    
      194   0.300000000000       0.950000000000        0.00000000000    
      195   0.350000000000       0.500000000000E-01    0.00000000000    
      196   0.350000000000       0.100000000000        0.00000000000    
      197   0.350000000000       0.150000000000        0.00000000000    
      198   0.350000000000       0.200000000000        0.00000000000    
      199   0.350000000000       0.250000000000        0.00000000000    
      200   0.350000000000       0.300000000000        0.00000000000    

   NODE        X                   Y                   Z
      201   0.350000000000       0.350000000000        0.00000000000    
      202   0.350000000000       0.400000000000        0.00000000000    
      203   0.350000000000       0.450000000000        0.00000000000    
      204   0.350000000000       0.500000000000        0.00000000000    
      205   0.350000000000       0.550000000000        0.00000000000    
      206   0.350000000000       0.600000000000        0.00000000000    
      207   0.350000000000       0.650000000000        0.00000000000    
      208   0.350000000000       0.700000000000        0.00000000000    
      209   0.350000000000       0.750000000000        0.00000000000    
      210   0.350000000000       0.800000000000        0.00000000000    
      211   0.350000000000       0.850000000000        0.00000000000    
      212   0.350000000000       0.900000000000        0.00000000000    
      213   0.350000000000       0.950000000000        0.00000000000    
      214   0.400000000000       0.500000000000E-01    0.00000000000    
      215   0.400000000000       0.100000000000        0.00000000000    
      216   0.400000000000       0.150000000000        0.00000000000    
      217   0.400000000000       0.200000000000        0.00000000000    
      218   0.400000000000       0.250000000000        0.00000000000    
      219   0.400000000000       0.300000000000        0.00000000000    
      220   0.400000000000       0.350000000000        0.00000000000    

   NODE        X                   Y                   Z
      221   0.400000000000       0.400000000000        0.00000000000    
      222   0.400000000000       0.450000000000        0.00000000000    
      223   0.400000000000       0.500000000000        0.00000000000    
      224   0.400000000000       0.550000000000        0.00000000000    
      225   0.400000000000       0.600000000000        0.00000000000    
      226   0.400000000000       0.650000000000        0.00000000000    
      227   0.400000000000       0.700000000000        0.00000000000    
      228   0.400000000000       0.750000000000        0.00000000000    
      229   0.400000000000       0.800000000000        0.00000000000    
      230   0.400000000000       0.850000000000        0.00000000000    
      231   0.400000000000       0.900000000000        0.00000000000    
      232   0.400000000000       0.950000000000        0.00000000000    
      233   0.450000000000       0.500000000000E-01    0.00000000000    
      234   0.450000000000       0.100000000000        0.00000000000    
      235   0.450000000000       0.150000000000        0.00000000000    
      236   0.450000000000       0.200000000000        0.00000000000    
      237   0.450000000000       0.250000000000        0.00000000000    
      238   0.450000000000       0.300000000000        0.00000000000    
      239   0.450000000000       0.350000000000        0.00000000000    
      240   0.450000000000       0.400000000000        0.00000000000    

   NODE        X                   Y                   Z
      241   0.450000000000       0.450000000000        0.00000000000    
      242   0.450000000000       0.500000000000        0.00000000000    
      243   0.450000000000       0.550000000000        0.00000000000    
      244   0.450000000000       0.600000000000        0.00000000000    
      245   0.450000000000       0.650000000000        0.00000000000    
      246   0.450000000000       0.700000000000        0.00000000000    
      247   0.450000000000       0.750000000000        0.00000000000    
      248   0.450000000000       0.800000000000        0.00000000000    
      249   0.450000000000       0.850000000000        0.00000000000    
      250   0.450000000000       0.900000000000        0.00000000000    
      251   0.450000000000       0.950000000000        0.00000000000    
      252   0.500000000000       0.500000000000E-01    0.00000000000    
      253   0.500000000000       0.100000000000        0.00000000000    
      254   0.500000000000       0.150000000000        0.00000000000    
      255   0.500000000000       0.200000000000        0.00000000000    
      256   0.500000000000       0.250000000000        0.00000000000    
      257   0.500000000000       0.300000000000        0.00000000000    
      258   0.500000000000       0.350000000000        0.00000000000    
      259   0.500000000000       0.400000000000        0.00000000000    
      260   0.500000000000       0.450000000000        0.00000000000    

   NODE        X                   Y                   Z
      261   0.500000000000       0.500000000000        0.00000000000    
      262   0.500000000000       0.550000000000        0.00000000000    
      263   0.500000000000       0.600000000000        0.00000000000    
      264   0.500000000000       0.650000000000        0.00000000000    
      265   0.500000000000       0.700000000000        0.00000000000    
      266   0.500000000000       0.750000000000        0.00000000000    
      267   0.500000000000       0.800000000000        0.00000000000    
      268   0.500000000000       0.850000000000        0.00000000000    
      269   0.500000000000       0.900000000000        0.00000000000    
      270   0.500000000000       0.950000000000        0.00000000000    
      271   0.550000000000       0.500000000000E-01    0.00000000000    
      272   0.550000000000       0.100000000000        0.00000000000    
      273   0.550000000000       0.150000000000        0.00000000000    
      274   0.550000000000       0.200000000000        0.00000000000    
      275   0.550000000000       0.250000000000        0.00000000000    
      276   0.550000000000       0.300000000000        0.00000000000    
      277   0.550000000000       0.350000000000        0.00000000000    
      278   0.550000000000       0.400000000000        0.00000000000    
      279   0.550000000000       0.450000000000        0.00000000000    
      280   0.550000000000       0.500000000000        0.00000000000    

   NODE        X                   Y                   Z
      281   0.550000000000       0.550000000000        0.00000000000    
      282   0.550000000000       0.600000000000        0.00000000000    
      283   0.550000000000       0.650000000000        0.00000000000    
      284   0.550000000000       0.700000000000        0.00000000000    
      285   0.550000000000       0.750000000000        0.00000000000    
      286   0.550000000000       0.800000000000        0.00000000000    
      287   0.550000000000       0.850000000000        0.00000000000    
      288   0.550000000000       0.900000000000        0.00000000000    
      289   0.550000000000       0.950000000000        0.00000000000    
      290   0.600000000000       0.500000000000E-01    0.00000000000    
      291   0.600000000000       0.100000000000        0.00000000000    
      292   0.600000000000       0.150000000000        0.00000000000    
      293   0.600000000000       0.200000000000        0.00000000000    
      294   0.600000000000       0.250000000000        0.00000000000    
      295   0.600000000000       0.300000000000        0.00000000000    
      296   0.600000000000       0.350000000000        0.00000000000    
      297   0.600000000000       0.400000000000        0.00000000000    
      298   0.600000000000       0.450000000000        0.00000000000    
      299   0.600000000000       0.500000000000        0.00000000000    
      300   0.600000000000       0.550000000000        0.00000000000    

   NODE        X                   Y                   Z
      301   0.600000000000       0.600000000000        0.00000000000    
      302   0.600000000000       0.650000000000        0.00000000000    
      303   0.600000000000       0.700000000000        0.00000000000    
      304   0.600000000000       0.750000000000        0.00000000000    
      305   0.600000000000       0.800000000000        0.00000000000    
      306   0.600000000000       0.850000000000        0.00000000000    
      307   0.600000000000       0.900000000000        0.00000000000    
      308   0.600000000000       0.950000000000        0.00000000000    
      309   0.650000000000       0.500000000000E-01    0.00000000000    
      310   0.650000000000       0.100000000000        0.00000000000    
      311   0.650000000000       0.150000000000        0.00000000000    
      312   0.650000000000       0.200000000000        0.00000000000    
      313   0.650000000000       0.250000000000        0.00000000000    
      314   0.650000000000       0.300000000000        0.00000000000    
      315   0.650000000000       0.350000000000        0.00000000000    
      316   0.650000000000       0.400000000000        0.00000000000    
      317   0.650000000000       0.450000000000        0.00000000000    
      318   0.650000000000       0.500000000000        0.00000000000    
      319   0.650000000000       0.550000000000        0.00000000000    
      320   0.650000000000       0.600000000000        0.00000000000    

   NODE        X                   Y                   Z
      321   0.650000000000       0.650000000000        0.00000000000    
      322   0.650000000000       0.700000000000        0.00000000000    
      323   0.650000000000       0.750000000000        0.00000000000    
      324   0.650000000000       0.800000000000        0.00000000000    
      325   0.650000000000       0.850000000000        0.00000000000    
      326   0.650000000000       0.900000000000        0.00000000000    
      327   0.650000000000       0.950000000000        0.00000000000    
      328   0.700000000000       0.500000000000E-01    0.00000000000    
      329   0.700000000000       0.100000000000        0.00000000000    
      330   0.700000000000       0.150000000000        0.00000000000    
      331   0.700000000000       0.200000000000        0.00000000000    
      332   0.700000000000       0.250000000000        0.00000000000    
      333   0.700000000000       0.300000000000        0.00000000000    
      334   0.700000000000       0.350000000000        0.00000000000    
      335   0.700000000000       0.400000000000        0.00000000000    
      336   0.700000000000       0.450000000000        0.00000000000    
      337   0.700000000000       0.500000000000        0.00000000000    
      338   0.700000000000       0.550000000000        0.00000000000    
      339   0.700000000000       0.600000000000        0.00000000000    
      340   0.700000000000       0.650000000000        0.00000000000    

   NODE        X                   Y                   Z
      341   0.700000000000       0.700000000000        0.00000000000    
      342   0.700000000000       0.750000000000        0.00000000000    
      343   0.700000000000       0.800000000000        0.00000000000    
      344   0.700000000000       0.850000000000        0.00000000000    
      345   0.700000000000       0.900000000000        0.00000000000    
      346   0.700000000000       0.950000000000        0.00000000000    
      347   0.750000000000       0.500000000000E-01    0.00000000000    
      348   0.750000000000       0.100000000000        0.00000000000    
      349   0.750000000000       0.150000000000        0.00000000000    
      350   0.750000000000       0.200000000000        0.00000000000    
      351   0.750000000000       0.250000000000        0.00000000000    
      352   0.750000000000       0.300000000000        0.00000000000    
      353   0.750000000000       0.350000000000        0.00000000000    
      354   0.750000000000       0.400000000000        0.00000000000    
      355   0.750000000000       0.450000000000        0.00000000000    
      356   0.750000000000       0.500000000000        0.00000000000    
      357   0.750000000000       0.550000000000        0.00000000000    
      358   0.750000000000       0.600000000000        0.00000000000    
      359   0.750000000000       0.650000000000        0.00000000000    
      360   0.750000000000       0.700000000000        0.00000000000    

   NODE        X                   Y                   Z
      361   0.750000000000       0.750000000000        0.00000000000    
      362   0.750000000000       0.800000000000        0.00000000000    
      363   0.750000000000       0.850000000000        0.00000000000    
      364   0.750000000000       0.900000000000        0.00000000000    
      365   0.750000000000       0.950000000000        0.00000000000    
      366   0.800000000000       0.500000000000E-01    0.00000000000    
      367   0.800000000000       0.100000000000        0.00000000000    
      368   0.800000000000       0.150000000000        0.00000000000    
      369   0.800000000000       0.200000000000        0.00000000000    
      370   0.800000000000       0.250000000000        0.00000000000    
      371   0.800000000000       0.300000000000        0.00000000000    
      372   0.800000000000       0.350000000000        0.00000000000    
      373   0.800000000000       0.400000000000        0.00000000000    
      374   0.800000000000       0.450000000000        0.00000000000    
      375   0.800000000000       0.500000000000        0.00000000000    
      376   0.800000000000       0.550000000000        0.00000000000    
      377   0.800000000000       0.600000000000        0.00000000000    
      378   0.800000000000       0.650000000000        0.00000000000    
      379   0.800000000000       0.700000000000        0.00000000000    
      380   0.800000000000       0.750000000000        0.00000000000    

   NODE        X                   Y                   Z
      381   0.800000000000       0.800000000000        0.00000000000    
      382   0.800000000000       0.850000000000        0.00000000000    
      383   0.800000000000       0.900000000000        0.00000000000    
      384   0.800000000000       0.950000000000        0.00000000000    
      385   0.850000000000       0.500000000000E-01    0.00000000000    
      386   0.850000000000       0.100000000000        0.00000000000    
      387   0.850000000000       0.150000000000        0.00000000000    
      388   0.850000000000       0.200000000000        0.00000000000    
      389   0.850000000000       0.250000000000        0.00000000000    
      390   0.850000000000       0.300000000000        0.00000000000    
      391   0.850000000000       0.350000000000        0.00000000000    
      392   0.850000000000       0.400000000000        0.00000000000    
      393   0.850000000000       0.450000000000        0.00000000000    
      394   0.850000000000       0.500000000000        0.00000000000    
      395   0.850000000000       0.550000000000        0.00000000000    
      396   0.850000000000       0.600000000000        0.00000000000    
      397   0.850000000000       0.650000000000        0.00000000000    
      398   0.850000000000       0.700000000000        0.00000000000    
      399   0.850000000000       0.750000000000        0.00000000000    
      400   0.850000000000       0.800000000000        0.00000000000    

   NODE        X                   Y                   Z
      401   0.850000000000       0.850000000000        0.00000000000    
      402   0.850000000000       0.900000000000        0.00000000000    
      403   0.850000000000       0.950000000000        0.00000000000    
      404   0.900000000000       0.500000000000E-01    0.00000000000    
      405   0.900000000000       0.100000000000        0.00000000000    
      406   0.900000000000       0.150000000000        0.00000000000    
      407   0.900000000000       0.200000000000        0.00000000000    
      408   0.900000000000       0.250000000000        0.00000000000    
      409   0.900000000000       0.300000000000        0.00000000000    
      410   0.900000000000       0.350000000000        0.00000000000    
      411   0.900000000000       0.400000000000        0.00000000000    
      412   0.900000000000       0.450000000000        0.00000000000    
      413   0.900000000000       0.500000000000        0.00000000000    
      414   0.900000000000       0.550000000000        0.00000000000    
      415   0.900000000000       0.600000000000        0.00000000000    
      416   0.900000000000       0.650000000000        0.00000000000    
      417   0.900000000000       0.700000000000        0.00000000000    
      418   0.900000000000       0.750000000000        0.00000000000    
      419   0.900000000000       0.800000000000        0.00000000000    
      420   0.900000000000       0.850000000000        0.00000000000    

   NODE        X                   Y                   Z
      421   0.900000000000       0.900000000000        0.00000000000    
      422   0.900000000000       0.950000000000        0.00000000000    
      423   0.950000000000       0.500000000000E-01    0.00000000000    
      424   0.950000000000       0.100000000000        0.00000000000    
      425   0.950000000000       0.150000000000        0.00000000000    
      426   0.950000000000       0.200000000000        0.00000000000    
      427   0.950000000000       0.250000000000        0.00000000000    
      428   0.950000000000       0.300000000000        0.00000000000    
      429   0.950000000000       0.350000000000        0.00000000000    
      430   0.950000000000       0.400000000000        0.00000000000    
      431   0.950000000000       0.450000000000        0.00000000000    
      432   0.950000000000       0.500000000000        0.00000000000    
      433   0.950000000000       0.550000000000        0.00000000000    
      434   0.950000000000       0.600000000000        0.00000000000    
      435   0.950000000000       0.650000000000        0.00000000000    
      436   0.950000000000       0.700000000000        0.00000000000    
      437   0.950000000000       0.750000000000        0.00000000000    
      438   0.950000000000       0.800000000000        0.00000000000    
      439   0.950000000000       0.850000000000        0.00000000000    
      440   0.950000000000       0.900000000000        0.00000000000    

   NODE        X                   Y                   Z
      441   0.950000000000       0.950000000000        0.00000000000    

