
 LIST ALL SELECTED ELEMENTS.  (LIST NODES)
 
    ELEM MAT TYP REL ESY SEC        NODES
 
       1   1   1   1   0   1      1     3    17    16
       2   1   1   1   0   1      3     4    20    17
       3   1   1   1   0   1      4     5    23    20
       4   1   1   1   0   1      5     2     7    23
       5   1   1   1   0   1     16    17    18    15
       6   1   1   1   0   1     17    20    21    18
       7   1   1   1   0   1     20    23    24    21
       8   1   1   1   0   1     23     7     8    24
       9   1   1   1   0   1     15    18    19    14
      10   1   1   1   0   1     18    21    22    19
      11   1   1   1   0   1     21    24    25    22
      12   1   1   1   0   1     24     8     9    25
      13   1   1   1   0   1     14    19    13    10
      14   1   1   1   0   1     19    22    12    13
      15   1   1   1   0   1     22    25    11    12
      16   1   1   1   0   1     25     9     6    11
      17   1   1   1   0   1      2    27    53     7
      18   1   1   1   0   1     27    28    56    53
      19   1   1   1   0   1     28    29    59    56
      20   1   1   1   0   1     29    30    62    59
 
    ELEM MAT TYP REL ESY SEC        NODES
 
      21   1   1   1   0   1     30    31    65    62
      22   1   1   1   0   1     31    32    68    65
      23   1   1   1   0   1     32    33    71    68
      24   1   1   1   0   1     33    34    74    71
      25   1   1   1   0   1     34    35    77    74
      26   1   1   1   0   1     35    36    80    77
      27   1   1   1   0   1     36    37    83    80
      28   1   1   1   0   1     37    26    39    83
      29   1   1   1   0   1      7    53    54     8
      30   1   1   1   0   1     53    56    57    54
      31   1   1   1   0   1     56    59    60    57
      32   1   1   1   0   1     59    62    63    60
      33   1   1   1   0   1     62    65    66    63
      34   1   1   1   0   1     65    68    69    66
      35   1   1   1   0   1     68    71    72    69
      36   1   1   1   0   1     71    74    75    72
      37   1   1   1   0   1     74    77    78    75
      38   1   1   1   0   1     77    80    81    78
      39   1   1   1   0   1     80    83    84    81
      40   1   1   1   0   1     83    39    40    84
 
    ELEM MAT TYP REL ESY SEC        NODES
 
      41   1   1   1   0   1      8    54    55     9
      42   1   1   1   0   1     54    57    58    55
      43   1   1   1   0   1     57    60    61    58
      44   1   1   1   0   1     60    63    64    61
      45   1   1   1   0   1     63    66    67    64
      46   1   1   1   0   1     66    69    70    67
      47   1   1   1   0   1     69    72    73    70
      48   1   1   1   0   1     72    75    76    73
      49   1   1   1   0   1     75    78    79    76
      50   1   1   1   0   1     78    81    82    79
      51   1   1   1   0   1     81    84    85    82
      52   1   1   1   0   1     84    40    41    85
      53   1   1   1   0   1      9    55    52     6
      54   1   1   1   0   1     55    58    51    52
      55   1   1   1   0   1     58    61    50    51
      56   1   1   1   0   1     61    64    49    50
      57   1   1   1   0   1     64    67    48    49
      58   1   1   1   0   1     67    70    47    48
      59   1   1   1   0   1     70    73    46    47
      60   1   1   1   0   1     73    76    45    46
 
    ELEM MAT TYP REL ESY SEC        NODES
 
      61   1   1   1   0   1     76    79    44    45
      62   1   1   1   0   1     79    82    43    44
      63   1   1   1   0   1     82    85    42    43
      64   1   1   1   0   1     85    41    38    42
      65   1   1   1   0   1     26    87    97    39
      66   1   1   1   0   1     87    88   100    97
      67   1   1   1   0   1     88    89   103   100
      68   1   1   1   0   1     89    86    91   103
      69   1   1   1   0   1     39    97    98    40
      70   1   1   1   0   1     97   100   101    98
      71   1   1   1   0   1    100   103   104   101
      72   1   1   1   0   1    103    91    92   104
      73   1   1   1   0   1     40    98    99    41
      74   1   1   1   0   1     98   101   102    99
      75   1   1   1   0   1    101   104   105   102
      76   1   1   1   0   1    104    92    93   105
      77   1   1   1   0   1     41    99    96    38
      78   1   1   1   0   1     99   102    95    96
      79   1   1   1   0   1    102   105    94    95
      80   1   1   1   0   1    105    93    90    94
 
    ELEM MAT TYP REL ESY SEC        NODES
 
      81   1   1   1   0   1     90   107   133    94
      82   1   1   1   0   1    107   108   136   133
      83   1   1   1   0   1    108   109   139   136
      84   1   1   1   0   1    109   110   142   139
      85   1   1   1   0   1    110   111   145   142
      86   1   1   1   0   1    111   112   148   145
      87   1   1   1   0   1    112   113   151   148
      88   1   1   1   0   1    113   114   154   151
      89   1   1   1   0   1    114   115   157   154
      90   1   1   1   0   1    115   116   160   157
      91   1   1   1   0   1    116   117   163   160
      92   1   1   1   0   1    117   106   119   163
      93   1   1   1   0   1     94   133   134    95
      94   1   1   1   0   1    133   136   137   134
      95   1   1   1   0   1    136   139   140   137
      96   1   1   1   0   1    139   142   143   140
      97   1   1   1   0   1    142   145   146   143
      98   1   1   1   0   1    145   148   149   146
      99   1   1   1   0   1    148   151   152   149
     100   1   1   1   0   1    151   154   155   152
 
    ELEM MAT TYP REL ESY SEC        NODES
 
     101   1   1   1   0   1    154   157   158   155
     102   1   1   1   0   1    157   160   161   158
     103   1   1   1   0   1    160   163   164   161
     104   1   1   1   0   1    163   119   120   164
     105   1   1   1   0   1     95   134   135    96
     106   1   1   1   0   1    134   137   138   135
     107   1   1   1   0   1    137   140   141   138
     108   1   1   1   0   1    140   143   144   141
     109   1   1   1   0   1    143   146   147   144
     110   1   1   1   0   1    146   149   150   147
     111   1   1   1   0   1    149   152   153   150
     112   1   1   1   0   1    152   155   156   153
     113   1   1   1   0   1    155   158   159   156
     114   1   1   1   0   1    158   161   162   159
     115   1   1   1   0   1    161   164   165   162
     116   1   1   1   0   1    164   120   121   165
     117   1   1   1   0   1     96   135   132    38
     118   1   1   1   0   1    135   138   131   132
     119   1   1   1   0   1    138   141   130   131
     120   1   1   1   0   1    141   144   129   130
 
    ELEM MAT TYP REL ESY SEC        NODES
 
     121   1   1   1   0   1    144   147   128   129
     122   1   1   1   0   1    147   150   127   128
     123   1   1   1   0   1    150   153   126   127
     124   1   1   1   0   1    153   156   125   126
     125   1   1   1   0   1    156   159   124   125
     126   1   1   1   0   1    159   162   123   124
     127   1   1   1   0   1    162   165   122   123
     128   1   1   1   0   1    165   121   118   122
     129   1   1   1   0   1    106   167   177   119
     130   1   1   1   0   1    167   168   180   177
     131   1   1   1   0   1    168   169   183   180
     132   1   1   1   0   1    169   166   171   183
     133   1   1   1   0   1    119   177   178   120
     134   1   1   1   0   1    177   180   181   178
     135   1   1   1   0   1    180   183   184   181
     136   1   1   1   0   1    183   171   172   184
     137   1   1   1   0   1    120   178   179   121
     138   1   1   1   0   1    178   181   182   179
     139   1   1   1   0   1    181   184   185   182
     140   1   1   1   0   1    184   172   173   185
 
    ELEM MAT TYP REL ESY SEC        NODES
 
     141   1   1   1   0   1    121   179   176   118
     142   1   1   1   0   1    179   182   175   176
     143   1   1   1   0   1    182   185   174   175
     144   1   1   1   0   1    185   173   170   174
     145   1   1   1   0   1    170   187   213   174
     146   1   1   1   0   1    187   188   216   213
     147   1   1   1   0   1    188   189   219   216
     148   1   1   1   0   1    189   190   222   219
     149   1   1   1   0   1    190   191   225   222
     150   1   1   1   0   1    191   192   228   225
     151   1   1   1   0   1    192   193   231   228
     152   1   1   1   0   1    193   194   234   231
     153   1   1   1   0   1    194   195   237   234
     154   1   1   1   0   1    195   196   240   237
     155   1   1   1   0   1    196   197   243   240
     156   1   1   1   0   1    197   186   199   243
     157   1   1   1   0   1    174   213   214   175
     158   1   1   1   0   1    213   216   217   214
     159   1   1   1   0   1    216   219   220   217
     160   1   1   1   0   1    219   222   223   220
 
    ELEM MAT TYP REL ESY SEC        NODES
 
     161   1   1   1   0   1    222   225   226   223
     162   1   1   1   0   1    225   228   229   226
     163   1   1   1   0   1    228   231   232   229
     164   1   1   1   0   1    231   234   235   232
     165   1   1   1   0   1    234   237   238   235
     166   1   1   1   0   1    237   240   241   238
     167   1   1   1   0   1    240   243   244   241
     168   1   1   1   0   1    243   199   200   244
     169   1   1   1   0   1    175   214   215   176
     170   1   1   1   0   1    214   217   218   215
     171   1   1   1   0   1    217   220   221   218
     172   1   1   1   0   1    220   223   224   221
     173   1   1   1   0   1    223   226   227   224
     174   1   1   1   0   1    226   229   230   227
     175   1   1   1   0   1    229   232   233   230
     176   1   1   1   0   1    232   235   236   233
     177   1   1   1   0   1    235   238   239   236
     178   1   1   1   0   1    238   241   242   239
     179   1   1   1   0   1    241   244   245   242
     180   1   1   1   0   1    244   200   201   245
 
    ELEM MAT TYP REL ESY SEC        NODES
 
     181   1   1   1   0   1    176   215   212   118
     182   1   1   1   0   1    215   218   211   212
     183   1   1   1   0   1    218   221   210   211
     184   1   1   1   0   1    221   224   209   210
     185   1   1   1   0   1    224   227   208   209
     186   1   1   1   0   1    227   230   207   208
     187   1   1   1   0   1    230   233   206   207
     188   1   1   1   0   1    233   236   205   206
     189   1   1   1   0   1    236   239   204   205
     190   1   1   1   0   1    239   242   203   204
     191   1   1   1   0   1    242   245   202   203
     192   1   1   1   0   1    245   201   198   202
     193   1   1   1   0   1    186   247   257   199
     194   1   1   1   0   1    247   248   260   257
     195   1   1   1   0   1    248   249   263   260
     196   1   1   1   0   1    249   246   251   263
     197   1   1   1   0   1    199   257   258   200
     198   1   1   1   0   1    257   260   261   258
     199   1   1   1   0   1    260   263   264   261
     200   1   1   1   0   1    263   251   252   264
 
    ELEM MAT TYP REL ESY SEC        NODES
 
     201   1   1   1   0   1    200   258   259   201
     202   1   1   1   0   1    258   261   262   259
     203   1   1   1   0   1    261   264   265   262
     204   1   1   1   0   1    264   252   253   265
     205   1   1   1   0   1    201   259   256   198
     206   1   1   1   0   1    259   262   255   256
     207   1   1   1   0   1    262   265   254   255
     208   1   1   1   0   1    265   253   250   254
     209   1   1   1   0   1    250   266   288   254
     210   1   1   1   0   1    266   267   291   288
     211   1   1   1   0   1    267   268   294   291
     212   1   1   1   0   1    268   269   297   294
     213   1   1   1   0   1    269   270   300   297
     214   1   1   1   0   1    270   271   303   300
     215   1   1   1   0   1    271   272   306   303
     216   1   1   1   0   1    272   273   309   306
     217   1   1   1   0   1    273   274   312   309
     218   1   1   1   0   1    274   275   315   312
     219   1   1   1   0   1    275   276   318   315
     220   1   1   1   0   1    276    10    13   318
 
    ELEM MAT TYP REL ESY SEC        NODES
 
     221   1   1   1   0   1    254   288   289   255
     222   1   1   1   0   1    288   291   292   289
     223   1   1   1   0   1    291   294   295   292
     224   1   1   1   0   1    294   297   298   295
     225   1   1   1   0   1    297   300   301   298
     226   1   1   1   0   1    300   303   304   301
     227   1   1   1   0   1    303   306   307   304
     228   1   1   1   0   1    306   309   310   307
     229   1   1   1   0   1    309   312   313   310
     230   1   1   1   0   1    312   315   316   313
     231   1   1   1   0   1    315   318   319   316
     232   1   1   1   0   1    318    13    12   319
     233   1   1   1   0   1    255   289   290   256
     234   1   1   1   0   1    289   292   293   290
     235   1   1   1   0   1    292   295   296   293
     236   1   1   1   0   1    295   298   299   296
     237   1   1   1   0   1    298   301   302   299
     238   1   1   1   0   1    301   304   305   302
     239   1   1   1   0   1    304   307   308   305
     240   1   1   1   0   1    307   310   311   308
 
    ELEM MAT TYP REL ESY SEC        NODES
 
     241   1   1   1   0   1    310   313   314   311
     242   1   1   1   0   1    313   316   317   314
     243   1   1   1   0   1    316   319   320   317
     244   1   1   1   0   1    319    12    11   320
     245   1   1   1   0   1    256   290   287   198
     246   1   1   1   0   1    290   293   286   287
     247   1   1   1   0   1    293   296   285   286
     248   1   1   1   0   1    296   299   284   285
     249   1   1   1   0   1    299   302   283   284
     250   1   1   1   0   1    302   305   282   283
     251   1   1   1   0   1    305   308   281   282
     252   1   1   1   0   1    308   311   280   281
     253   1   1   1   0   1    311   314   279   280
     254   1   1   1   0   1    314   317   278   279
     255   1   1   1   0   1    317   320   277   278
     256   1   1   1   0   1    320    11     6   277

