
 LIST ALL SELECTED NODES.   DSYS=      0
 SORT TABLE ON  NODE  NODE  NODE

   NODE        X                   Y                   Z
        1    0.00000000000        0.00000000000        0.00000000000    
        2   0.200000000000        0.00000000000        0.00000000000    
        3   0.500000000000E-01    0.00000000000        0.00000000000    
        4   0.100000000000        0.00000000000        0.00000000000    
        5   0.150000000000        0.00000000000        0.00000000000    
        6   0.200000000000       0.200000000000        0.00000000000    
        7   0.200000000000       0.500000000000E-01    0.00000000000    
        8   0.200000000000       0.100000000000        0.00000000000    
        9   0.200000000000       0.150000000000        0.00000000000    
       10    0.00000000000       0.200000000000        0.00000000000    
       11   0.150000000000       0.200000000000        0.00000000000    
       12   0.100000000000       0.200000000000        0.00000000000    
       13   0.500000000000E-01   0.200000000000        0.00000000000    
       14    0.00000000000       0.150000000000        0.00000000000    
       15    0.00000000000       0.100000000000        0.00000000000    
       16    0.00000000000       0.500000000000E-01    0.00000000000    
       17   0.500000000000E-01   0.500000000000E-01    0.00000000000    
       18   0.500000000000E-01   0.100000000000        0.00000000000    
       19   0.500000000000E-01   0.150000000000        0.00000000000    
       20   0.100000000000       0.500000000000E-01    0.00000000000    

   NODE        X                   Y                   Z
       21   0.100000000000       0.100000000000        0.00000000000    
       22   0.100000000000       0.150000000000        0.00000000000    
       23   0.150000000000       0.500000000000E-01    0.00000000000    
       24   0.150000000000       0.100000000000        0.00000000000    
       25   0.150000000000       0.150000000000        0.00000000000    
       26   0.800000000000        0.00000000000        0.00000000000    
       27   0.250000000000        0.00000000000        0.00000000000    
       28   0.300000000000        0.00000000000        0.00000000000    
       29   0.350000000000        0.00000000000        0.00000000000    
       30   0.400000000000        0.00000000000        0.00000000000    
       31   0.450000000000        0.00000000000        0.00000000000    
       32   0.500000000000        0.00000000000        0.00000000000    
       33   0.550000000000        0.00000000000        0.00000000000    
       34   0.600000000000        0.00000000000        0.00000000000    
       35   0.650000000000        0.00000000000        0.00000000000    
       36   0.700000000000        0.00000000000        0.00000000000    
       37   0.750000000000        0.00000000000        0.00000000000    
       38   0.800000000000       0.200000000000        0.00000000000    
       39   0.800000000000       0.500000000000E-01    0.00000000000    
       40   0.800000000000       0.100000000000        0.00000000000    

   NODE        X                   Y                   Z
       41   0.800000000000       0.150000000000        0.00000000000    
       42   0.750000000000       0.200000000000        0.00000000000    
       43   0.700000000000       0.200000000000        0.00000000000    
       44   0.650000000000       0.200000000000        0.00000000000    
       45   0.600000000000       0.200000000000        0.00000000000    
       46   0.550000000000       0.200000000000        0.00000000000    
       47   0.500000000000       0.200000000000        0.00000000000    
       48   0.450000000000       0.200000000000        0.00000000000    
       49   0.400000000000       0.200000000000        0.00000000000    
       50   0.350000000000       0.200000000000        0.00000000000    
       51   0.300000000000       0.200000000000        0.00000000000    
       52   0.250000000000       0.200000000000        0.00000000000    
       53   0.250000000000       0.500000000000E-01    0.00000000000    
       54   0.250000000000       0.100000000000        0.00000000000    
       55   0.250000000000       0.150000000000        0.00000000000    
       56   0.300000000000       0.500000000000E-01    0.00000000000    
       57   0.300000000000       0.100000000000        0.00000000000    
       58   0.300000000000       0.150000000000        0.00000000000    
       59   0.350000000000       0.500000000000E-01    0.00000000000    
       60   0.350000000000       0.100000000000        0.00000000000    

   NODE        X                   Y                   Z
       61   0.350000000000       0.150000000000        0.00000000000    
       62   0.400000000000       0.500000000000E-01    0.00000000000    
       63   0.400000000000       0.100000000000        0.00000000000    
       64   0.400000000000       0.150000000000        0.00000000000    
       65   0.450000000000       0.500000000000E-01    0.00000000000    
       66   0.450000000000       0.100000000000        0.00000000000    
       67   0.450000000000       0.150000000000        0.00000000000    
       68   0.500000000000       0.500000000000E-01    0.00000000000    
       69   0.500000000000       0.100000000000        0.00000000000    
       70   0.500000000000       0.150000000000        0.00000000000    
       71   0.550000000000       0.500000000000E-01    0.00000000000    
       72   0.550000000000       0.100000000000        0.00000000000    
       73   0.550000000000       0.150000000000        0.00000000000    
       74   0.600000000000       0.500000000000E-01    0.00000000000    
       75   0.600000000000       0.100000000000        0.00000000000    
       76   0.600000000000       0.150000000000        0.00000000000    
       77   0.650000000000       0.500000000000E-01    0.00000000000    
       78   0.650000000000       0.100000000000        0.00000000000    
       79   0.650000000000       0.150000000000        0.00000000000    
       80   0.700000000000       0.500000000000E-01    0.00000000000    

   NODE        X                   Y                   Z
       81   0.700000000000       0.100000000000        0.00000000000    
       82   0.700000000000       0.150000000000        0.00000000000    
       83   0.750000000000       0.500000000000E-01    0.00000000000    
       84   0.750000000000       0.100000000000        0.00000000000    
       85   0.750000000000       0.150000000000        0.00000000000    
       86    1.00000000000        0.00000000000        0.00000000000    
       87   0.850000000000        0.00000000000        0.00000000000    
       88   0.900000000000        0.00000000000        0.00000000000    
       89   0.950000000000        0.00000000000        0.00000000000    
       90    1.00000000000       0.200000000000        0.00000000000    
       91    1.00000000000       0.500000000000E-01    0.00000000000    
       92    1.00000000000       0.100000000000        0.00000000000    
       93    1.00000000000       0.150000000000        0.00000000000    
       94   0.950000000000       0.200000000000        0.00000000000    
       95   0.900000000000       0.200000000000        0.00000000000    
       96   0.850000000000       0.200000000000        0.00000000000    
       97   0.850000000000       0.500000000000E-01    0.00000000000    
       98   0.850000000000       0.100000000000        0.00000000000    
       99   0.850000000000       0.150000000000        0.00000000000    
      100   0.900000000000       0.500000000000E-01    0.00000000000    

   NODE        X                   Y                   Z
      101   0.900000000000       0.100000000000        0.00000000000    
      102   0.900000000000       0.150000000000        0.00000000000    
      103   0.950000000000       0.500000000000E-01    0.00000000000    
      104   0.950000000000       0.100000000000        0.00000000000    
      105   0.950000000000       0.150000000000        0.00000000000    
      106    1.00000000000       0.800000000000        0.00000000000    
      107    1.00000000000       0.250000000000        0.00000000000    
      108    1.00000000000       0.300000000000        0.00000000000    
      109    1.00000000000       0.350000000000        0.00000000000    
      110    1.00000000000       0.400000000000        0.00000000000    
      111    1.00000000000       0.450000000000        0.00000000000    
      112    1.00000000000       0.500000000000        0.00000000000    
      113    1.00000000000       0.550000000000        0.00000000000    
      114    1.00000000000       0.600000000000        0.00000000000    
      115    1.00000000000       0.650000000000        0.00000000000    
      116    1.00000000000       0.700000000000        0.00000000000    
      117    1.00000000000       0.750000000000        0.00000000000    
      118   0.800000000000       0.800000000000        0.00000000000    
      119   0.950000000000       0.800000000000        0.00000000000    
      120   0.900000000000       0.800000000000        0.00000000000    

   NODE        X                   Y                   Z
      121   0.850000000000       0.800000000000        0.00000000000    
      122   0.800000000000       0.750000000000        0.00000000000    
      123   0.800000000000       0.700000000000        0.00000000000    
      124   0.800000000000       0.650000000000        0.00000000000    
      125   0.800000000000       0.600000000000        0.00000000000    
      126   0.800000000000       0.550000000000        0.00000000000    
      127   0.800000000000       0.500000000000        0.00000000000    
      128   0.800000000000       0.450000000000        0.00000000000    
      129   0.800000000000       0.400000000000        0.00000000000    
      130   0.800000000000       0.350000000000        0.00000000000    
      131   0.800000000000       0.300000000000        0.00000000000    
      132   0.800000000000       0.250000000000        0.00000000000    
      133   0.950000000000       0.250000000000        0.00000000000    
      134   0.900000000000       0.250000000000        0.00000000000    
      135   0.850000000000       0.250000000000        0.00000000000    
      136   0.950000000000       0.300000000000        0.00000000000    
      137   0.900000000000       0.300000000000        0.00000000000    
      138   0.850000000000       0.300000000000        0.00000000000    
      139   0.950000000000       0.350000000000        0.00000000000    
      140   0.900000000000       0.350000000000        0.00000000000    

   NODE        X                   Y                   Z
      141   0.850000000000       0.350000000000        0.00000000000    
      142   0.950000000000       0.400000000000        0.00000000000    
      143   0.900000000000       0.400000000000        0.00000000000    
      144   0.850000000000       0.400000000000        0.00000000000    
      145   0.950000000000       0.450000000000        0.00000000000    
      146   0.900000000000       0.450000000000        0.00000000000    
      147   0.850000000000       0.450000000000        0.00000000000    
      148   0.950000000000       0.500000000000        0.00000000000    
      149   0.900000000000       0.500000000000        0.00000000000    
      150   0.850000000000       0.500000000000        0.00000000000    
      151   0.950000000000       0.550000000000        0.00000000000    
      152   0.900000000000       0.550000000000        0.00000000000    
      153   0.850000000000       0.550000000000        0.00000000000    
      154   0.950000000000       0.600000000000        0.00000000000    
      155   0.900000000000       0.600000000000        0.00000000000    
      156   0.850000000000       0.600000000000        0.00000000000    
      157   0.950000000000       0.650000000000        0.00000000000    
      158   0.900000000000       0.650000000000        0.00000000000    
      159   0.850000000000       0.650000000000        0.00000000000    
      160   0.950000000000       0.700000000000        0.00000000000    

   NODE        X                   Y                   Z
      161   0.900000000000       0.700000000000        0.00000000000    
      162   0.850000000000       0.700000000000        0.00000000000    
      163   0.950000000000       0.750000000000        0.00000000000    
      164   0.900000000000       0.750000000000        0.00000000000    
      165   0.850000000000       0.750000000000        0.00000000000    
      166    1.00000000000        1.00000000000        0.00000000000    
      167    1.00000000000       0.850000000000        0.00000000000    
      168    1.00000000000       0.900000000000        0.00000000000    
      169    1.00000000000       0.950000000000        0.00000000000    
      170   0.800000000000        1.00000000000        0.00000000000    
      171   0.950000000000        1.00000000000        0.00000000000    
      172   0.900000000000        1.00000000000        0.00000000000    
      173   0.850000000000        1.00000000000        0.00000000000    
      174   0.800000000000       0.950000000000        0.00000000000    
      175   0.800000000000       0.900000000000        0.00000000000    
      176   0.800000000000       0.850000000000        0.00000000000    
      177   0.950000000000       0.850000000000        0.00000000000    
      178   0.900000000000       0.850000000000        0.00000000000    
      179   0.850000000000       0.850000000000        0.00000000000    
      180   0.950000000000       0.900000000000        0.00000000000    

   NODE        X                   Y                   Z
      181   0.900000000000       0.900000000000        0.00000000000    
      182   0.850000000000       0.900000000000        0.00000000000    
      183   0.950000000000       0.950000000000        0.00000000000    
      184   0.900000000000       0.950000000000        0.00000000000    
      185   0.850000000000       0.950000000000        0.00000000000    
      186   0.200000000000        1.00000000000        0.00000000000    
      187   0.750000000000        1.00000000000        0.00000000000    
      188   0.700000000000        1.00000000000        0.00000000000    
      189   0.650000000000        1.00000000000        0.00000000000    
      190   0.600000000000        1.00000000000        0.00000000000    
      191   0.550000000000        1.00000000000        0.00000000000    
      192   0.500000000000        1.00000000000        0.00000000000    
      193   0.450000000000        1.00000000000        0.00000000000    
      194   0.400000000000        1.00000000000        0.00000000000    
      195   0.350000000000        1.00000000000        0.00000000000    
      196   0.300000000000        1.00000000000        0.00000000000    
      197   0.250000000000        1.00000000000        0.00000000000    
      198   0.200000000000       0.800000000000        0.00000000000    
      199   0.200000000000       0.950000000000        0.00000000000    
      200   0.200000000000       0.900000000000        0.00000000000    

   NODE        X                   Y                   Z
      201   0.200000000000       0.850000000000        0.00000000000    
      202   0.250000000000       0.800000000000        0.00000000000    
      203   0.300000000000       0.800000000000        0.00000000000    
      204   0.350000000000       0.800000000000        0.00000000000    
      205   0.400000000000       0.800000000000        0.00000000000    
      206   0.450000000000       0.800000000000        0.00000000000    
      207   0.500000000000       0.800000000000        0.00000000000    
      208   0.550000000000       0.800000000000        0.00000000000    
      209   0.600000000000       0.800000000000        0.00000000000    
      210   0.650000000000       0.800000000000        0.00000000000    
      211   0.700000000000       0.800000000000        0.00000000000    
      212   0.750000000000       0.800000000000        0.00000000000    
      213   0.750000000000       0.950000000000        0.00000000000    
      214   0.750000000000       0.900000000000        0.00000000000    
      215   0.750000000000       0.850000000000        0.00000000000    
      216   0.700000000000       0.950000000000        0.00000000000    
      217   0.700000000000       0.900000000000        0.00000000000    
      218   0.700000000000       0.850000000000        0.00000000000    
      219   0.650000000000       0.950000000000        0.00000000000    
      220   0.650000000000       0.900000000000        0.00000000000    

   NODE        X                   Y                   Z
      221   0.650000000000       0.850000000000        0.00000000000    
      222   0.600000000000       0.950000000000        0.00000000000    
      223   0.600000000000       0.900000000000        0.00000000000    
      224   0.600000000000       0.850000000000        0.00000000000    
      225   0.550000000000       0.950000000000        0.00000000000    
      226   0.550000000000       0.900000000000        0.00000000000    
      227   0.550000000000       0.850000000000        0.00000000000    
      228   0.500000000000       0.950000000000        0.00000000000    
      229   0.500000000000       0.900000000000        0.00000000000    
      230   0.500000000000       0.850000000000        0.00000000000    
      231   0.450000000000       0.950000000000        0.00000000000    
      232   0.450000000000       0.900000000000        0.00000000000    
      233   0.450000000000       0.850000000000        0.00000000000    
      234   0.400000000000       0.950000000000        0.00000000000    
      235   0.400000000000       0.900000000000        0.00000000000    
      236   0.400000000000       0.850000000000        0.00000000000    
      237   0.350000000000       0.950000000000        0.00000000000    
      238   0.350000000000       0.900000000000        0.00000000000    
      239   0.350000000000       0.850000000000        0.00000000000    
      240   0.300000000000       0.950000000000        0.00000000000    

   NODE        X                   Y                   Z
      241   0.300000000000       0.900000000000        0.00000000000    
      242   0.300000000000       0.850000000000        0.00000000000    
      243   0.250000000000       0.950000000000        0.00000000000    
      244   0.250000000000       0.900000000000        0.00000000000    
      245   0.250000000000       0.850000000000        0.00000000000    
      246    0.00000000000        1.00000000000        0.00000000000    
      247   0.150000000000        1.00000000000        0.00000000000    
      248   0.100000000000        1.00000000000        0.00000000000    
      249   0.500000000000E-01    1.00000000000        0.00000000000    
      250    0.00000000000       0.800000000000        0.00000000000    
      251    0.00000000000       0.950000000000        0.00000000000    
      252    0.00000000000       0.900000000000        0.00000000000    
      253    0.00000000000       0.850000000000        0.00000000000    
      254   0.500000000000E-01   0.800000000000        0.00000000000    
      255   0.100000000000       0.800000000000        0.00000000000    
      256   0.150000000000       0.800000000000        0.00000000000    
      257   0.150000000000       0.950000000000        0.00000000000    
      258   0.150000000000       0.900000000000        0.00000000000    
      259   0.150000000000       0.850000000000        0.00000000000    
      260   0.100000000000       0.950000000000        0.00000000000    

   NODE        X                   Y                   Z
      261   0.100000000000       0.900000000000        0.00000000000    
      262   0.100000000000       0.850000000000        0.00000000000    
      263   0.500000000000E-01   0.950000000000        0.00000000000    
      264   0.500000000000E-01   0.900000000000        0.00000000000    
      265   0.500000000000E-01   0.850000000000        0.00000000000    
      266    0.00000000000       0.750000000000        0.00000000000    
      267    0.00000000000       0.700000000000        0.00000000000    
      268    0.00000000000       0.650000000000        0.00000000000    
      269    0.00000000000       0.600000000000        0.00000000000    
      270    0.00000000000       0.550000000000        0.00000000000    
      271    0.00000000000       0.500000000000        0.00000000000    
      272    0.00000000000       0.450000000000        0.00000000000    
      273    0.00000000000       0.400000000000        0.00000000000    
      274    0.00000000000       0.350000000000        0.00000000000    
      275    0.00000000000       0.300000000000        0.00000000000    
      276    0.00000000000       0.250000000000        0.00000000000    
      277   0.200000000000       0.250000000000        0.00000000000    
      278   0.200000000000       0.300000000000        0.00000000000    
      279   0.200000000000       0.350000000000        0.00000000000    
      280   0.200000000000       0.400000000000        0.00000000000    

   NODE        X                   Y                   Z
      281   0.200000000000       0.450000000000        0.00000000000    
      282   0.200000000000       0.500000000000        0.00000000000    
      283   0.200000000000       0.550000000000        0.00000000000    
      284   0.200000000000       0.600000000000        0.00000000000    
      285   0.200000000000       0.650000000000        0.00000000000    
      286   0.200000000000       0.700000000000        0.00000000000    
      287   0.200000000000       0.750000000000        0.00000000000    
      288   0.500000000000E-01   0.750000000000        0.00000000000    
      289   0.100000000000       0.750000000000        0.00000000000    
      290   0.150000000000       0.750000000000        0.00000000000    
      291   0.500000000000E-01   0.700000000000        0.00000000000    
      292   0.100000000000       0.700000000000        0.00000000000    
      293   0.150000000000       0.700000000000        0.00000000000    
      294   0.500000000000E-01   0.650000000000        0.00000000000    
      295   0.100000000000       0.650000000000        0.00000000000    
      296   0.150000000000       0.650000000000        0.00000000000    
      297   0.500000000000E-01   0.600000000000        0.00000000000    
      298   0.100000000000       0.600000000000        0.00000000000    
      299   0.150000000000       0.600000000000        0.00000000000    
      300   0.500000000000E-01   0.550000000000        0.00000000000    

   NODE        X                   Y                   Z
      301   0.100000000000       0.550000000000        0.00000000000    
      302   0.150000000000       0.550000000000        0.00000000000    
      303   0.500000000000E-01   0.500000000000        0.00000000000    
      304   0.100000000000       0.500000000000        0.00000000000    
      305   0.150000000000       0.500000000000        0.00000000000    
      306   0.500000000000E-01   0.450000000000        0.00000000000    
      307   0.100000000000       0.450000000000        0.00000000000    
      308   0.150000000000       0.450000000000        0.00000000000    
      309   0.500000000000E-01   0.400000000000        0.00000000000    
      310   0.100000000000       0.400000000000        0.00000000000    
      311   0.150000000000       0.400000000000        0.00000000000    
      312   0.500000000000E-01   0.350000000000        0.00000000000    
      313   0.100000000000       0.350000000000        0.00000000000    
      314   0.150000000000       0.350000000000        0.00000000000    
      315   0.500000000000E-01   0.300000000000        0.00000000000    
      316   0.100000000000       0.300000000000        0.00000000000    
      317   0.150000000000       0.300000000000        0.00000000000    
      318   0.500000000000E-01   0.250000000000        0.00000000000    
      319   0.100000000000       0.250000000000        0.00000000000    
      320   0.150000000000       0.250000000000        0.00000000000    

